HollywoodDresup/cocos2d/cocos/platform/android/libcocos2dx/build/intermediates/manifest_merge_blame_file/debug/manifest-merger-blame-debug-report.txt
1<?xml version="1.0" encoding="utf-8"?>
2<manifest xmlns:android="http://schemas.android.com/apk/res/android"
3    package="org.cocos2dx.lib" >
4
5    <uses-sdk
6        android:minSdkVersion="26"
6-->android/libcocos2dx/AndroidManifest.xml
7        android:targetSdkVersion="34" />
7-->android/libcocos2dx/AndroidManifest.xml
8
9    <uses-permission android:name="android.permission.VIBRATE" />
9-->android/libcocos2dx/AndroidManifest.xml:3:5-66
9-->android/libcocos2dx/AndroidManifest.xml:3:22-63
10
11    <application android:allowBackup="true" >
11-->android/libcocos2dx/AndroidManifest.xml:5:5-7:19
11-->android/libcocos2dx/AndroidManifest.xml:5:18-44
12    </application>
13
14</manifest>